<?xml version="1.0" encoding="UTF-8"?>
<!-- Generated by org.testng.reporters.JUnitReportReporter -->
<testsuite hostname="DESKTOP-95P0PH0" failures="1" tests="11" name="Assessment.API.e2e.ApiPositiveTests" time="2.364" errors="0" timestamp="2025-02-20T00:13:21 EST" skipped="3">
  <testcase classname="Assessment.API.e2e.ApiPositiveTests" name="testCreateBooking" time="0.395"/>
  <testcase classname="Assessment.API.e2e.ApiPositiveTests" name="testGetBooking" time="0.143"/>
  <testcase classname="Assessment.API.e2e.ApiPositiveTests" name="testGetAllBookings" time="0.194"/>
  <testcase classname="Assessment.API.e2e.ApiPositiveTests" name="testGetBookingsWithNameFilters" time="0.169"/>
  <testcase classname="Assessment.API.e2e.ApiPositiveTests" name="testGetBookingsWithDateFilters" time="0.148">
    <skipped/>
  </testcase> <!-- testGetBookingsWithDateFilters -->
  <testcase classname="Assessment.API.e2e.ApiPositiveTests" name="testGetBookingsWithDateFilters" time="0.159">
    <skipped/>
  </testcase> <!-- testGetBookingsWithDateFilters -->
  <testcase classname="Assessment.API.e2e.ApiPositiveTests" name="testGetBookingsWithDateFilters" time="0.147">
    <skipped/>
  </testcase> <!-- testGetBookingsWithDateFilters -->
  <testcase classname="Assessment.API.e2e.ApiPositiveTests" name="testGetBookingsWithDateFilters" time="0.137">
    <failure message="The following asserts failed:
	No bookings found with the specified date filters! expected [true] but found [false],
	Previously added booking ID not found in the response! expected [true] but found [false]" type="java.lang.AssertionError">
      <![CDATA[java.lang.AssertionError: The following asserts failed:
No bookings found with the specified date filters! expected [true] but found [false],
Previously added booking ID not found in the response! expected [true] but found [false]
at org.testng.asserts.SoftAssert.assertAll(SoftAssert.java:46)
at org.testng.asserts.SoftAssert.assertAll(SoftAssert.java:30)
at Assessment.API.e2e.ApiPositiveTests.testGetBookingsWithDateFilters(ApiPositiveTests.java:165)
at java.base/jdk.internal.reflect.DirectMethodHandleAccessor.invoke(DirectMethodHandleAccessor.java:103)
at java.base/java.lang.reflect.Method.invoke(Method.java:580)
at org.testng.internal.invokers.MethodInvocationHelper.invokeMethod(MethodInvocationHelper.java:141)
at org.testng.internal.invokers.TestInvoker.invokeMethod(TestInvoker.java:687)
at org.testng.internal.invokers.TestInvoker.retryFailed(TestInvoker.java:269)
at org.testng.internal.invokers.MethodRunner.runInSequence(MethodRunner.java:76)
at org.testng.internal.invokers.TestInvoker$MethodInvocationAgent.invoke(TestInvoker.java:995)
at org.testng.internal.invokers.TestInvoker.invokeTestMethods(TestInvoker.java:203)
at org.testng.internal.invokers.TestMethodWorker.invokeTestMethods(TestMethodWorker.java:154)
at org.testng.internal.invokers.TestMethodWorker.run(TestMethodWorker.java:134)
at java.base/java.util.ArrayList.forEach(ArrayList.java:1596)
at org.testng.TestRunner.privateRun(TestRunner.java:741)
at org.testng.TestRunner.run(TestRunner.java:616)
at org.testng.SuiteRunner.runTest(SuiteRunner.java:421)
at org.testng.SuiteRunner.runSequentially(SuiteRunner.java:413)
at org.testng.SuiteRunner.privateRun(SuiteRunner.java:373)
at org.testng.SuiteRunner.run(SuiteRunner.java:312)
at org.testng.SuiteRunnerWorker.runSuite(SuiteRunnerWorker.java:52)
at org.testng.SuiteRunnerWorker.run(SuiteRunnerWorker.java:95)
at org.testng.TestNG.runSuitesSequentially(TestNG.java:1274)
at org.testng.TestNG.runSuitesLocally(TestNG.java:1208)
at org.testng.TestNG.runSuites(TestNG.java:1112)
at org.testng.TestNG.run(TestNG.java:1079)
at org.testng.remote.AbstractRemoteTestNG.run(AbstractRemoteTestNG.java:115)
at org.testng.remote.RemoteTestNG.initAndRun(RemoteTestNG.java:293)
at org.testng.remote.RemoteTestNG.main(RemoteTestNG.java:91)
]]>
    </failure>
  </testcase> <!-- testGetBookingsWithDateFilters -->
  <testcase classname="Assessment.API.e2e.ApiPositiveTests" name="testUpdateBooking" time="0.293"/>
  <testcase classname="Assessment.API.e2e.ApiPositiveTests" name="testPartailUpdateBooking" time="0.306"/>
  <testcase classname="Assessment.API.e2e.ApiPositiveTests" name="testDeleteBooking" time="0.273"/>
</testsuite> <!-- Assessment.API.e2e.ApiPositiveTests -->
