<?xml version="1.0" encoding="UTF-8"?>
<!-- Generated by org.testng.reporters.JUnitReportReporter -->
<testsuite hostname="DESKTOP-95P0PH0" failures="1" tests="11" name="Assessment.API.e2e.BookingPositiveTests" time="2.306" errors="0" timestamp="2025-02-21T01:34:07 EST" skipped="3">
  <testcase classname="Assessment.API.e2e.BookingPositiveTests" name="testCreateBooking" time="0.373"/>
  <testcase classname="Assessment.API.e2e.BookingPositiveTests" name="testGetBooking" time="0.142"/>
  <testcase classname="Assessment.API.e2e.BookingPositiveTests" name="testGetAllBookings" time="0.185"/>
  <testcase classname="Assessment.API.e2e.BookingPositiveTests" name="testGetBookingsWithNameFilters" time="0.149"/>
  <testcase classname="Assessment.API.e2e.BookingPositiveTests" name="testGetBookingsWithDateFilters" time="0.145">
    <skipped/>
  </testcase> <!-- testGetBookingsWithDateFilters -->
  <testcase classname="Assessment.API.e2e.BookingPositiveTests" name="testGetBookingsWithDateFilters" time="0.166">
    <skipped/>
  </testcase> <!-- testGetBookingsWithDateFilters -->
  <testcase classname="Assessment.API.e2e.BookingPositiveTests" name="testGetBookingsWithDateFilters" time="0.144">
    <skipped/>
  </testcase> <!-- testGetBookingsWithDateFilters -->
  <testcase classname="Assessment.API.e2e.BookingPositiveTests" name="testGetBookingsWithDateFilters" time="0.146">
    <failure message="The following asserts failed:
	No bookings found with the specified date filters! expected [true] but found [false],
	Previously added booking ID not found in the response! expected [true] but found [false]" type="java.lang.AssertionError">
      <![CDATA[java.lang.AssertionError: The following asserts failed:
No bookings found with the specified date filters! expected [true] but found [false],
Previously added booking ID not found in the response! expected [true] but found [false]
at org.testng.asserts.SoftAssert.assertAll(SoftAssert.java:46)
at org.testng.asserts.SoftAssert.assertAll(SoftAssert.java:30)
at Assessment.API.e2e.BookingPositiveTests.testGetBookingsWithDateFilters(BookingPositiveTests.java:149)
at java.base/jdk.internal.reflect.DirectMethodHandleAccessor.invoke(DirectMethodHandleAccessor.java:103)
at java.base/java.lang.reflect.Method.invoke(Method.java:580)
at org.testng.internal.invokers.MethodInvocationHelper.invokeMethod(MethodInvocationHelper.java:141)
at org.testng.internal.invokers.TestInvoker.invokeMethod(TestInvoker.java:687)
at org.testng.internal.invokers.TestInvoker.retryFailed(TestInvoker.java:269)
at org.testng.internal.invokers.MethodRunner.runInSequence(MethodRunner.java:76)
at org.testng.internal.invokers.TestInvoker$MethodInvocationAgent.invoke(TestInvoker.java:995)
at org.testng.internal.invokers.TestInvoker.invokeTestMethods(TestInvoker.java:203)
at org.testng.internal.invokers.TestMethodWorker.invokeTestMethods(TestMethodWorker.java:154)
at org.testng.internal.invokers.TestMethodWorker.run(TestMethodWorker.java:134)
at java.base/java.util.ArrayList.forEach(ArrayList.java:1597)
at org.testng.TestRunner.privateRun(TestRunner.java:741)
at org.testng.TestRunner.run(TestRunner.java:616)
at org.testng.SuiteRunner.runTest(SuiteRunner.java:421)
at org.testng.SuiteRunner.runSequentially(SuiteRunner.java:413)
at org.testng.SuiteRunner.privateRun(SuiteRunner.java:373)
at org.testng.SuiteRunner.run(SuiteRunner.java:312)
at org.testng.SuiteRunnerWorker.runSuite(SuiteRunnerWorker.java:52)
at org.testng.SuiteRunnerWorker.run(SuiteRunnerWorker.java:95)
at org.testng.TestNG.runSuitesSequentially(TestNG.java:1274)
at org.testng.TestNG.runSuitesLocally(TestNG.java:1208)
at org.testng.TestNG.runSuites(TestNG.java:1112)
at org.testng.TestNG.run(TestNG.java:1079)
at org.apache.maven.surefire.testng.TestNGExecutor.run(TestNGExecutor.java:308)
at org.apache.maven.surefire.testng.TestNGXmlTestSuite.execute(TestNGXmlTestSuite.java:71)
at org.apache.maven.surefire.testng.TestNGProvider.invoke(TestNGProvider.java:113)
at org.apache.maven.surefire.booter.ForkedBooter.runSuitesInProcess(ForkedBooter.java:385)
at org.apache.maven.surefire.booter.ForkedBooter.execute(ForkedBooter.java:162)
at org.apache.maven.surefire.booter.ForkedBooter.run(ForkedBooter.java:507)
at org.apache.maven.surefire.booter.ForkedBooter.main(ForkedBooter.java:495)
]]>
    </failure>
  </testcase> <!-- testGetBookingsWithDateFilters -->
  <testcase classname="Assessment.API.e2e.BookingPositiveTests" name="testUpdateBooking" time="0.289"/>
  <testcase classname="Assessment.API.e2e.BookingPositiveTests" name="testPartailUpdateBooking" time="0.294"/>
  <testcase classname="Assessment.API.e2e.BookingPositiveTests" name="testDeleteBooking" time="0.273"/>
</testsuite> <!-- Assessment.API.e2e.BookingPositiveTests -->
